# JRE version: OpenJDK Runtime Environment Microsoft-9889599 (17.0.12+7) (build 17.0.12+7-LTS)
# Java VM: OpenJDK 64-Bit Server VM Microsoft-9889599 (17.0.12+7-LTS, mixed mode, sharing, tiered, compressed oops, compressed class ptrs, g1 gc, windows-amd64)
GC Precious Log:
 CPUs: 4 total, 4 available
 Memory: 16178M
 Large Page Support: Disabled
 NUMA Support: Disabled
 Compressed Oops: Enabled (32-bit)
 Heap Region Size: 1M
 Heap Min Capacity: 8M
 Heap Initial Capacity: 254M
 Heap Max Capacity: 2G
 Pre-touch: Disabled
 Parallel Workers: 4
 Concurrent Workers: 1
 Concurrent Refinement Workers: 4
 Periodic GC: Disabled
Heap:
 garbage-first heap   total 350208K, used 206848K [0x0000000080000000, 0x0000000100000000)
  region size 1024K, 30 young (30720K), 5 survivors (5120K)
 Metaspace       used 116333K, committed 117504K, reserved 557056K
  class space    used 15917K, committed 16448K, reserved 425984K
GC Heap History (20 events):
Event: 359.307 GC heap before
{Heap before GC invocations=53 (full 0):
 garbage-first heap   total 350208K, used 272836K [0x0000000080000000, 0x0000000100000000)
  region size 1024K, 166 young (169984K), 9 survivors (9216K)
 Metaspace       used 98934K, committed 99904K, reserved 557056K
  class space    used 13788K, committed 14272K, reserved 425984K
}
Event: 359.343 GC heap after
{Heap after GC invocations=54 (full 0):
 garbage-first heap   total 350208K, used 119651K [0x0000000080000000, 0x0000000100000000)
  region size 1024K, 17 young (17408K), 17 survivors (17408K)
 Metaspace       used 98934K, committed 99904K, reserved 557056K
  class space    used 13788K, committed 14272K, reserved 425984K
}
Event: 393.246 GC heap before
{Heap before GC invocations=54 (full 0):
 garbage-first heap   total 350208K, used 282467K [0x0000000080000000, 0x0000000100000000)
  region size 1024K, 172 young (176128K), 17 survivors (17408K)
 Metaspace       used 99619K, committed 100672K, reserved 557056K
  class space    used 13877K, committed 14336K, reserved 425984K
}
Event: 393.274 GC heap after
{Heap after GC invocations=55 (full 0):
 garbage-first heap   total 350208K, used 135651K [0x0000000080000000, 0x0000000100000000)
  region size 1024K, 20 young (20480K), 20 survivors (20480K)
 Metaspace       used 99619K, committed 100672K, reserved 557056K
  class space    used 13877K, committed 14336K, reserved 425984K
}
Event: 417.889 GC heap before
{Heap before GC invocations=55 (full 0):
 garbage-first heap   total 350208K, used 279011K [0x0000000080000000, 0x0000000100000000)
  region size 1024K, 160 young (163840K), 20 survivors (20480K)
 Metaspace       used 100767K, committed 101760K, reserved 557056K
  class space    used 14067K, committed 14528K, reserved 425984K
}
Event: 417.909 GC heap after
{Heap after GC invocations=56 (full 0):
 garbage-first heap   total 350208K, used 143684K [0x0000000080000000, 0x0000000100000000)
  region size 1024K, 9 young (9216K), 9 survivors (9216K)
 Metaspace       used 100767K, committed 101760K, reserved 557056K
  class space    used 14067K, committed 14528K, reserved 425984K
}
Event: 445.449 GC heap before
{Heap before GC invocations=56 (full 0):
 garbage-first heap   total 350208K, used 281924K [0x0000000080000000, 0x0000000100000000)
  region size 1024K, 143 young (146432K), 9 survivors (9216K)
 Metaspace       used 108284K, committed 109376K, reserved 557056K
  class space    used 15040K, committed 15552K, reserved 425984K
}
Event: 445.473 GC heap after
{Heap after GC invocations=57 (full 0):
 garbage-first heap   total 350208K, used 156672K [0x0000000080000000, 0x0000000100000000)
  region size 1024K, 18 young (18432K), 18 survivors (18432K)
 Metaspace       used 108284K, committed 109376K, reserved 557056K
  class space    used 15040K, committed 15552K, reserved 425984K
}
Event: 463.741 GC heap before
{Heap before GC invocations=57 (full 0):
 garbage-first heap   total 350208K, used 279552K [0x0000000080000000, 0x0000000100000000)
  region size 1024K, 138 young (141312K), 18 survivors (18432K)
 Metaspace       used 111992K, committed 113152K, reserved 557056K
  class space    used 15492K, committed 16000K, reserved 425984K
}
Event: 463.765 GC heap after
{Heap after GC invocations=58 (full 0):
 garbage-first heap   total 350208K, used 169461K [0x0000000080000000, 0x0000000100000000)
  region size 1024K, 12 young (12288K), 12 survivors (12288K)
 Metaspace       used 111992K, committed 113152K, reserved 557056K
  class space    used 15492K, committed 16000K, reserved 425984K
}
Event: 489.468 GC heap before
{Heap before GC invocations=58 (full 0):
 garbage-first heap   total 350208K, used 283125K [0x0000000080000000, 0x0000000100000000)
  region size 1024K, 124 young (126976K), 12 survivors (12288K)
 Metaspace       used 112358K, committed 113536K, reserved 557056K
  class space    used 15527K, committed 16064K, reserved 425984K
}
Event: 489.491 GC heap after
{Heap after GC invocations=59 (full 0):
 garbage-first heap   total 350208K, used 176128K [0x0000000080000000, 0x0000000100000000)
  region size 1024K, 7 young (7168K), 7 survivors (7168K)
 Metaspace       used 112358K, committed 113536K, reserved 557056K
  class space    used 15527K, committed 16064K, reserved 425984K
}
Event: 521.083 GC heap before
{Heap before GC invocations=59 (full 0):
 garbage-first heap   total 350208K, used 287744K [0x0000000080000000, 0x0000000100000000)
  region size 1024K, 116 young (118784K), 7 survivors (7168K)
 Metaspace       used 112363K, committed 113536K, reserved 557056K
  class space    used 15527K, committed 16064K, reserved 425984K
}
Event: 521.097 GC heap after
{Heap after GC invocations=60 (full 0):
 garbage-first heap   total 350208K, used 177152K [0x0000000080000000, 0x0000000100000000)
  region size 1024K, 8 young (8192K), 8 survivors (8192K)
 Metaspace       used 112363K, committed 113536K, reserved 557056K
  class space    used 15527K, committed 16064K, reserved 425984K
}
Event: 540.517 GC heap before
{Heap before GC invocations=60 (full 0):
 garbage-first heap   total 350208K, used 289792K [0x0000000080000000, 0x0000000100000000)
  region size 1024K, 119 young (121856K), 8 survivors (8192K)
 Metaspace       used 112565K, committed 113728K, reserved 557056K
  class space    used 15549K, committed 16064K, reserved 425984K
}
Event: 540.528 GC heap after
{Heap after GC invocations=61 (full 0):
 garbage-first heap   total 350208K, used 182020K [0x0000000080000000, 0x0000000100000000)
  region size 1024K, 13 young (13312K), 13 survivors (13312K)
 Metaspace       used 112565K, committed 113728K, reserved 557056K
  class space    used 15549K, committed 16064K, reserved 425984K
}
Event: 556.520 GC heap before
{Heap before GC invocations=61 (full 0):
 garbage-first heap   total 350208K, used 291588K [0x0000000080000000, 0x0000000100000000)
  region size 1024K, 121 young (123904K), 13 survivors (13312K)
 Metaspace       used 112867K, committed 114048K, reserved 557056K
  class space    used 15581K, committed 16128K, reserved 425984K
}
Event: 556.540 GC heap after
{Heap after GC invocations=62 (full 0):
 garbage-first heap   total 350208K, used 184528K [0x0000000080000000, 0x0000000100000000)
  region size 1024K, 9 young (9216K), 9 survivors (9216K)
 Metaspace       used 112867K, committed 114048K, reserved 557056K
  class space    used 15581K, committed 16128K, reserved 425984K
}
Event: 575.462 GC heap before
{Heap before GC invocations=62 (full 0):
 garbage-first heap   total 350208K, used 297168K [0x0000000080000000, 0x0000000100000000)
  region size 1024K, 115 young (117760K), 9 survivors (9216K)
 Metaspace       used 114904K, committed 116032K, reserved 557056K
  class space    used 15748K, committed 16256K, reserved 425984K
}
Event: 575.474 GC heap after
{Heap after GC invocations=63 (full 0):
 garbage-first heap   total 350208K, used 183296K [0x0000000080000000, 0x0000000100000000)
  region size 1024K, 5 young (5120K), 5 survivors (5120K)
 Metaspace       used 114904K, committed 116032K, reserved 557056K
  class space    used 15748K, committed 16256K, reserved 425984K
}

