# JRE version: OpenJDK Runtime Environment Microsoft-9889599 (17.0.12+7) (build 17.0.12+7-LTS)
# Java VM: OpenJDK 64-Bit Server VM Microsoft-9889599 (17.0.12+7-LTS, mixed mode, sharing, tiered, compressed oops, compressed class ptrs, g1 gc, windows-amd64)
GC Precious Log:
 CPUs: 4 total, 4 available
 Memory: 16178M
 Large Page Support: Disabled
 NUMA Support: Disabled
 Compressed Oops: Enabled (32-bit)
 Heap Region Size: 1M
 Heap Min Capacity: 8M
 Heap Initial Capacity: 254M
 Heap Max Capacity: 2G
 Pre-touch: Disabled
 Parallel Workers: 4
 Concurrent Workers: 1
 Concurrent Refinement Workers: 4
 Periodic GC: Disabled
Heap:
 garbage-first heap   total 321536K, used 194349K [0x0000000080000000, 0x0000000100000000)
  region size 1024K, 12 young (12288K), 6 survivors (6144K)
 Metaspace       used 112341K, committed 113536K, reserved 557056K
  class space    used 15443K, committed 16000K, reserved 425984K
GC Heap History (20 events):
Event: 66.349 GC heap before
{Heap before GC invocations=64 (full 0):
 garbage-first heap   total 287744K, used 231083K [0x0000000080000000, 0x0000000100000000)
  region size 1024K, 72 young (73728K), 9 survivors (9216K)
 Metaspace       used 106661K, committed 107840K, reserved 557056K
  class space    used 14858K, committed 15424K, reserved 425984K
}
Event: 66.366 GC heap after
{Heap after GC invocations=65 (full 0):
 garbage-first heap   total 287744K, used 171551K [0x0000000080000000, 0x0000000100000000)
  region size 1024K, 5 young (5120K), 5 survivors (5120K)
 Metaspace       used 106661K, committed 107840K, reserved 557056K
  class space    used 14858K, committed 15424K, reserved 425984K
}
Event: 66.842 GC heap before
{Heap before GC invocations=65 (full 0):
 garbage-first heap   total 287744K, used 232991K [0x0000000080000000, 0x0000000100000000)
  region size 1024K, 66 young (67584K), 5 survivors (5120K)
 Metaspace       used 106736K, committed 107904K, reserved 557056K
  class space    used 14864K, committed 15424K, reserved 425984K
}
Event: 66.853 GC heap after
{Heap after GC invocations=66 (full 0):
 garbage-first heap   total 287744K, used 176497K [0x0000000080000000, 0x0000000100000000)
  region size 1024K, 9 young (9216K), 9 survivors (9216K)
 Metaspace       used 106736K, committed 107904K, reserved 557056K
  class space    used 14864K, committed 15424K, reserved 425984K
}
Event: 67.184 GC heap before
{Heap before GC invocations=66 (full 0):
 garbage-first heap   total 287744K, used 235889K [0x0000000080000000, 0x0000000100000000)
  region size 1024K, 68 young (69632K), 9 survivors (9216K)
 Metaspace       used 106741K, committed 107904K, reserved 557056K
  class space    used 14864K, committed 15424K, reserved 425984K
}
Event: 67.195 GC heap after
{Heap after GC invocations=67 (full 0):
 garbage-first heap   total 287744K, used 179813K [0x0000000080000000, 0x0000000100000000)
  region size 1024K, 6 young (6144K), 6 survivors (6144K)
 Metaspace       used 106741K, committed 107904K, reserved 557056K
  class space    used 14864K, committed 15424K, reserved 425984K
}
Event: 67.683 GC heap before
{Heap before GC invocations=67 (full 0):
 garbage-first heap   total 287744K, used 238181K [0x0000000080000000, 0x0000000100000000)
  region size 1024K, 63 young (64512K), 6 survivors (6144K)
 Metaspace       used 106790K, committed 107968K, reserved 557056K
  class space    used 14866K, committed 15424K, reserved 425984K
}
Event: 67.693 GC heap after
{Heap after GC invocations=68 (full 0):
 garbage-first heap   total 287744K, used 182619K [0x0000000080000000, 0x0000000100000000)
  region size 1024K, 6 young (6144K), 6 survivors (6144K)
 Metaspace       used 106790K, committed 107968K, reserved 557056K
  class space    used 14866K, committed 15424K, reserved 425984K
}
Event: 68.169 GC heap before
{Heap before GC invocations=68 (full 0):
 garbage-first heap   total 287744K, used 238939K [0x0000000080000000, 0x0000000100000000)
  region size 1024K, 62 young (63488K), 6 survivors (6144K)
 Metaspace       used 106949K, committed 108096K, reserved 557056K
  class space    used 14884K, committed 15424K, reserved 425984K
}
Event: 68.177 GC heap after
{Heap after GC invocations=69 (full 0):
 garbage-first heap   total 287744K, used 185757K [0x0000000080000000, 0x0000000100000000)
  region size 1024K, 6 young (6144K), 6 survivors (6144K)
 Metaspace       used 106949K, committed 108096K, reserved 557056K
  class space    used 14884K, committed 15424K, reserved 425984K
}
Event: 70.922 GC heap before
{Heap before GC invocations=69 (full 0):
 garbage-first heap   total 287744K, used 240029K [0x0000000080000000, 0x0000000100000000)
  region size 1024K, 60 young (61440K), 6 survivors (6144K)
 Metaspace       used 107060K, committed 108160K, reserved 557056K
  class space    used 14893K, committed 15424K, reserved 425984K
}
Event: 70.931 GC heap after
{Heap after GC invocations=70 (full 0):
 garbage-first heap   total 287744K, used 187681K [0x0000000080000000, 0x0000000100000000)
  region size 1024K, 6 young (6144K), 6 survivors (6144K)
 Metaspace       used 107060K, committed 108160K, reserved 557056K
  class space    used 14893K, committed 15424K, reserved 425984K
}
Event: 72.330 GC heap before
{Heap before GC invocations=71 (full 0):
 garbage-first heap   total 321536K, used 239905K [0x0000000080000000, 0x0000000100000000)
  region size 1024K, 58 young (59392K), 6 survivors (6144K)
 Metaspace       used 107237K, committed 108352K, reserved 557056K
  class space    used 14912K, committed 15424K, reserved 425984K
}
Event: 72.339 GC heap after
{Heap after GC invocations=72 (full 0):
 garbage-first heap   total 321536K, used 189932K [0x0000000080000000, 0x0000000100000000)
  region size 1024K, 5 young (5120K), 5 survivors (5120K)
 Metaspace       used 107237K, committed 108352K, reserved 557056K
  class space    used 14912K, committed 15424K, reserved 425984K
}
Event: 72.432 GC heap before
{Heap before GC invocations=72 (full 0):
 garbage-first heap   total 321536K, used 199148K [0x0000000080000000, 0x0000000100000000)
  region size 1024K, 15 young (15360K), 5 survivors (5120K)
 Metaspace       used 107244K, committed 108352K, reserved 557056K
  class space    used 14912K, committed 15424K, reserved 425984K
}
Event: 72.440 GC heap after
{Heap after GC invocations=73 (full 0):
 garbage-first heap   total 321536K, used 185667K [0x0000000080000000, 0x0000000100000000)
  region size 1024K, 2 young (2048K), 2 survivors (2048K)
 Metaspace       used 107244K, committed 108352K, reserved 557056K
  class space    used 14912K, committed 15424K, reserved 425984K
}
Event: 74.090 GC heap before
{Heap before GC invocations=73 (full 0):
 garbage-first heap   total 321536K, used 271683K [0x0000000080000000, 0x0000000100000000)
  region size 1024K, 82 young (83968K), 2 survivors (2048K)
 Metaspace       used 108950K, committed 110144K, reserved 557056K
  class space    used 15047K, committed 15616K, reserved 425984K
}
Event: 74.099 GC heap after
{Heap after GC invocations=74 (full 0):
 garbage-first heap   total 321536K, used 186724K [0x0000000080000000, 0x0000000100000000)
  region size 1024K, 3 young (3072K), 3 survivors (3072K)
 Metaspace       used 108950K, committed 110144K, reserved 557056K
  class space    used 15047K, committed 15616K, reserved 425984K
}
Event: 127.661 GC heap before
{Heap before GC invocations=74 (full 0):
 garbage-first heap   total 321536K, used 269668K [0x0000000080000000, 0x0000000100000000)
  region size 1024K, 85 young (87040K), 3 survivors (3072K)
 Metaspace       used 112115K, committed 113280K, reserved 557056K
  class space    used 15421K, committed 16000K, reserved 425984K
}
Event: 127.667 GC heap after
{Heap after GC invocations=75 (full 0):
 garbage-first heap   total 321536K, used 189229K [0x0000000080000000, 0x0000000100000000)
  region size 1024K, 6 young (6144K), 6 survivors (6144K)
 Metaspace       used 112115K, committed 113280K, reserved 557056K
  class space    used 15421K, committed 16000K, reserved 425984K
}

