# JRE version: OpenJDK Runtime Environment Microsoft-9889599 (17.0.12+7) (build 17.0.12+7-LTS)
# Java VM: OpenJDK 64-Bit Server VM Microsoft-9889599 (17.0.12+7-LTS, mixed mode, sharing, tiered, compressed oops, compressed class ptrs, g1 gc, windows-amd64)
GC Precious Log:
 CPUs: 4 total, 4 available
 Memory: 16178M
 Large Page Support: Disabled
 NUMA Support: Disabled
 Compressed Oops: Enabled (32-bit)
 Heap Region Size: 1M
 Heap Min Capacity: 8M
 Heap Initial Capacity: 254M
 Heap Max Capacity: 2G
 Pre-touch: Disabled
 Parallel Workers: 4
 Concurrent Workers: 1
 Concurrent Refinement Workers: 4
 Periodic GC: Disabled
Heap:
 garbage-first heap   total 331776K, used 228797K [0x0000000080000000, 0x0000000100000000)
  region size 1024K, 44 young (45056K), 1 survivors (1024K)
 Metaspace       used 112381K, committed 113536K, reserved 557056K
  class space    used 15445K, committed 16000K, reserved 425984K
GC Heap History (20 events):
Event: 45.465 GC heap before
{Heap before GC invocations=45 (full 0):
 garbage-first heap   total 287744K, used 235520K [0x0000000080000000, 0x0000000100000000)
  region size 1024K, 69 young (70656K), 10 survivors (10240K)
 Metaspace       used 106874K, committed 107968K, reserved 557056K
  class space    used 14862K, committed 15360K, reserved 425984K
}
Event: 45.478 GC heap after
{Heap after GC invocations=46 (full 0):
 garbage-first heap   total 287744K, used 177745K [0x0000000080000000, 0x0000000100000000)
  region size 1024K, 5 young (5120K), 5 survivors (5120K)
 Metaspace       used 106874K, committed 107968K, reserved 557056K
  class space    used 14862K, committed 15360K, reserved 425984K
}
Event: 45.917 GC heap before
{Heap before GC invocations=46 (full 0):
 garbage-first heap   total 287744K, used 236113K [0x0000000080000000, 0x0000000100000000)
  region size 1024K, 63 young (64512K), 5 survivors (5120K)
 Metaspace       used 106881K, committed 107968K, reserved 557056K
  class space    used 14862K, committed 15360K, reserved 425984K
}
Event: 45.931 GC heap after
{Heap after GC invocations=47 (full 0):
 garbage-first heap   total 287744K, used 180224K [0x0000000080000000, 0x0000000100000000)
  region size 1024K, 5 young (5120K), 5 survivors (5120K)
 Metaspace       used 106881K, committed 107968K, reserved 557056K
  class space    used 14862K, committed 15360K, reserved 425984K
}
Event: 46.539 GC heap before
{Heap before GC invocations=47 (full 0):
 garbage-first heap   total 287744K, used 239616K [0x0000000080000000, 0x0000000100000000)
  region size 1024K, 63 young (64512K), 5 survivors (5120K)
 Metaspace       used 106883K, committed 107968K, reserved 557056K
  class space    used 14862K, committed 15360K, reserved 425984K
}
Event: 46.550 GC heap after
{Heap after GC invocations=48 (full 0):
 garbage-first heap   total 287744K, used 182714K [0x0000000080000000, 0x0000000100000000)
  region size 1024K, 5 young (5120K), 5 survivors (5120K)
 Metaspace       used 106883K, committed 107968K, reserved 557056K
  class space    used 14862K, committed 15360K, reserved 425984K
}
Event: 48.929 GC heap before
{Heap before GC invocations=48 (full 0):
 garbage-first heap   total 287744K, used 240058K [0x0000000080000000, 0x0000000100000000)
  region size 1024K, 62 young (63488K), 5 survivors (5120K)
 Metaspace       used 107031K, committed 108224K, reserved 557056K
  class space    used 14873K, committed 15424K, reserved 425984K
}
Event: 48.937 GC heap after
{Heap after GC invocations=49 (full 0):
 garbage-first heap   total 287744K, used 185887K [0x0000000080000000, 0x0000000100000000)
  region size 1024K, 6 young (6144K), 6 survivors (6144K)
 Metaspace       used 107031K, committed 108224K, reserved 557056K
  class space    used 14873K, committed 15424K, reserved 425984K
}
Event: 51.815 GC heap before
{Heap before GC invocations=49 (full 0):
 garbage-first heap   total 287744K, used 240159K [0x0000000080000000, 0x0000000100000000)
  region size 1024K, 60 young (61440K), 6 survivors (6144K)
 Metaspace       used 107159K, committed 108288K, reserved 557056K
  class space    used 14888K, committed 15424K, reserved 425984K
}
Event: 51.821 GC heap after
{Heap after GC invocations=50 (full 0):
 garbage-first heap   total 287744K, used 187115K [0x0000000080000000, 0x0000000100000000)
  region size 1024K, 6 young (6144K), 6 survivors (6144K)
 Metaspace       used 107159K, committed 108288K, reserved 557056K
  class space    used 14888K, committed 15424K, reserved 425984K
}
Event: 52.430 GC heap before
{Heap before GC invocations=50 (full 0):
 garbage-first heap   total 287744K, used 239339K [0x0000000080000000, 0x0000000100000000)
  region size 1024K, 58 young (59392K), 6 survivors (6144K)
 Metaspace       used 107329K, committed 108480K, reserved 557056K
  class space    used 14903K, committed 15424K, reserved 425984K
}
Event: 52.443 GC heap after
{Heap after GC invocations=51 (full 0):
 garbage-first heap   total 287744K, used 189431K [0x0000000080000000, 0x0000000100000000)
  region size 1024K, 5 young (5120K), 5 survivors (5120K)
 Metaspace       used 107329K, committed 108480K, reserved 557056K
  class space    used 14903K, committed 15424K, reserved 425984K
}
Event: 52.843 GC heap before
{Heap before GC invocations=51 (full 0):
 garbage-first heap   total 287744K, used 240631K [0x0000000080000000, 0x0000000100000000)
  region size 1024K, 56 young (57344K), 5 survivors (5120K)
 Metaspace       used 107438K, committed 108544K, reserved 557056K
  class space    used 14913K, committed 15424K, reserved 425984K
}
Event: 52.854 GC heap after
{Heap after GC invocations=52 (full 0):
 garbage-first heap   total 287744K, used 191866K [0x0000000080000000, 0x0000000100000000)
  region size 1024K, 4 young (4096K), 4 survivors (4096K)
 Metaspace       used 107438K, committed 108544K, reserved 557056K
  class space    used 14913K, committed 15424K, reserved 425984K
}
Event: 53.273 GC heap before
{Heap before GC invocations=52 (full 0):
 garbage-first heap   total 287744K, used 238970K [0x0000000080000000, 0x0000000100000000)
  region size 1024K, 47 young (48128K), 4 survivors (4096K)
 Metaspace       used 108795K, committed 109888K, reserved 557056K
  class space    used 15023K, committed 15552K, reserved 425984K
}
Event: 53.278 GC heap after
{Heap after GC invocations=53 (full 0):
 garbage-first heap   total 287744K, used 193414K [0x0000000080000000, 0x0000000100000000)
  region size 1024K, 3 young (3072K), 3 survivors (3072K)
 Metaspace       used 108795K, committed 109888K, reserved 557056K
  class space    used 15023K, committed 15552K, reserved 425984K
}
Event: 59.054 GC heap before
{Heap before GC invocations=54 (full 0):
 garbage-first heap   total 331776K, used 243590K [0x0000000080000000, 0x0000000100000000)
  region size 1024K, 53 young (54272K), 3 survivors (3072K)
 Metaspace       used 110720K, committed 111936K, reserved 557056K
  class space    used 15246K, committed 15808K, reserved 425984K
}
Event: 59.059 GC heap after
{Heap after GC invocations=55 (full 0):
 garbage-first heap   total 331776K, used 192722K [0x0000000080000000, 0x0000000100000000)
  region size 1024K, 3 young (3072K), 3 survivors (3072K)
 Metaspace       used 110720K, committed 111936K, reserved 557056K
  class space    used 15246K, committed 15808K, reserved 425984K
}
Event: 104.338 GC heap before
{Heap before GC invocations=55 (full 0):
 garbage-first heap   total 331776K, used 205010K [0x0000000080000000, 0x0000000100000000)
  region size 1024K, 16 young (16384K), 3 survivors (3072K)
 Metaspace       used 110921K, committed 112128K, reserved 557056K
  class space    used 15268K, committed 15872K, reserved 425984K
}
Event: 104.350 GC heap after
{Heap after GC invocations=56 (full 0):
 garbage-first heap   total 331776K, used 185789K [0x0000000080000000, 0x0000000100000000)
  region size 1024K, 1 young (1024K), 1 survivors (1024K)
 Metaspace       used 110921K, committed 112128K, reserved 557056K
  class space    used 15268K, committed 15872K, reserved 425984K
}

